2025-01-19 17:48:30,115 - BirdsOS - INFO - Starting BirdsOS...
2025-01-19 17:48:30,963 - BirdsOS - INFO - Starting BirdsOS...
2025-01-19 18:32:57,370 - BirdsOS - INFO - Starting BirdsOS...
2025-01-19 18:32:57,552 - BirdsOS - INFO - Starting BirdsOS...
2025-01-19 18:39:27,539 - BirdsOS - ERROR - Error triggering GPIO: GPIOMock.trigger_input() missing 1 required positional argument: 'state'
2025-01-19 18:40:25,223 - BirdsOS - ERROR - Error triggering GPIO: GPIOMock.trigger_input() missing 1 required positional argument: 'state'
2025-01-19 18:43:26,722 - BirdsOS - INFO - Starting BirdsOS...
2025-01-19 18:43:28,979 - BirdsOS - INFO - Starting BirdsOS...
2025-01-19 18:44:38,480 - BirdsOS - INFO - Initialized Camera Mock
2025-01-19 18:44:38,480 - BirdsOS - INFO - Started mock camera feed
2025-01-19 18:44:38,482 - BirdsOS - INFO - Starting BirdsOS...
2025-01-19 18:45:23,144 - BirdsOS - INFO - Stopped mock camera feed
2025-01-19 18:45:23,489 - BirdsOS - INFO - Initialized Camera Mock
2025-01-19 18:45:23,491 - BirdsOS - INFO - Starting BirdsOS...
2025-01-19 18:45:35,659 - BirdsOS - INFO - Stopped mock camera feed
2025-01-19 18:55:11,031 - BirdsOS - INFO - Initialized Camera Mock
2025-01-19 18:55:11,033 - BirdsOS - INFO - Starting BirdsOS...
2025-01-19 18:55:11,422 - BirdsOS - INFO - Initialized Camera Mock
2025-01-19 18:55:11,424 - BirdsOS - INFO - Starting BirdsOS...
2025-01-19 18:56:21,058 - BirdsOS - INFO - Stopped mock camera feed
2025-01-19 18:56:21,141 - BirdsOS - INFO - Stopped mock camera feed
2025-01-19 18:58:24,539 - BirdsOS - INFO - Initialized Camera Mock
2025-01-19 18:58:24,541 - BirdsOS - INFO - Starting BirdsOS...
2025-01-19 18:58:24,965 - BirdsOS - INFO - Initialized Camera Mock
2025-01-19 18:58:24,968 - BirdsOS - INFO - Starting BirdsOS...
2025-01-19 18:58:59,035 - BirdsOS - ERROR - Cannot trigger non-setup pin 24
2025-01-19 18:59:53,397 - BirdsOS - ERROR - Cannot trigger non-setup pin 25
2025-01-19 19:00:31,421 - BirdsOS - INFO - Stopped mock camera feed
2025-01-19 19:00:31,484 - BirdsOS - INFO - Stopped mock camera feed
